<?xml version="1.0" encoding="UTF-8"?>
<testng-results skipped="0" failed="0" ignored="0" total="1" passed="1">
  <reporter-output>
  </reporter-output>
  <suite name="Default suite" duration-ms="21829" started-at="2017-12-19T13:18:36Z" finished-at="2017-12-19T13:18:58Z">
    <groups>
    </groups>
    <test name="Default test" duration-ms="21829" started-at="2017-12-19T13:18:36Z" finished-at="2017-12-19T13:18:58Z">
      <class name="com.goushuini.PracticeGouShuiNi171212.TestCase">
        <test-method status="PASS" signature="beforeMethod()[pri:0, instance:com.goushuini.PracticeGouShuiNi171212.TestCase@91161c7]" name="beforeMethod" is-config="true" duration-ms="1534" started-at="2017-12-19T21:18:36Z" finished-at="2017-12-19T21:18:37Z">
          <reporter-output>
          </reporter-output>
        </test-method> <!-- beforeMethod -->
        <test-method status="PASS" signature="testCase()[pri:0, instance:com.goushuini.PracticeGouShuiNi171212.TestCase@91161c7]" name="testCase" duration-ms="20245" started-at="2017-12-19T21:18:37Z" finished-at="2017-12-19T21:18:57Z">
          <reporter-output>
          </reporter-output>
        </test-method> <!-- testCase -->
        <test-method status="PASS" signature="afterMethod()[pri:0, instance:com.goushuini.PracticeGouShuiNi171212.TestCase@91161c7]" name="afterMethod" is-config="true" duration-ms="0" started-at="2017-12-19T21:18:58Z" finished-at="2017-12-19T21:18:58Z">
          <reporter-output>
          </reporter-output>
        </test-method> <!-- afterMethod -->
      </class> <!-- com.goushuini.PracticeGouShuiNi171212.TestCase -->
    </test> <!-- Default test -->
  </suite> <!-- Default suite -->
</testng-results>
